<?xml version="1.0" encoding="UTF-8"?>
<!-- Generated by org.testng.reporters.JUnitXMLReporter -->
<testsuite ignored="0" hostname="TS1WLKP" failures="0" tests="3" name="Chrome Test" time="117.264" errors="0" timestamp="2024-09-17T20:04:07 IST">
  <testcase classname="lambdaTestAssignment_Final.ParallelExecution.ChromeAndFirefox" name="testScenario1" time="20.426"/>
  <testcase classname="lambdaTestAssignment_Final.ParallelExecution.ChromeAndFirefox" name="testScenario2" time="11.401"/>
  <testcase classname="lambdaTestAssignment_Final.ParallelExecution.ChromeAndFirefox" name="testScenario3" time="39.013"/>
</testsuite> <!-- Chrome Test -->
