<?xml version="1.0" encoding="UTF-8"?>
<!-- Generated by org.testng.reporters.JUnitXMLReporter -->
<testsuite ignored="0" hostname="TS1WLKP" failures="0" tests="3" name="Chrome Test" time="117.433" errors="0" timestamp="2024-09-16T18:24:51 IST">
  <testcase classname="lambdaTestAssignment_Final.ParallelExecution.ChromeAndSafari" name="testScenario1" time="23.261"/>
  <testcase classname="lambdaTestAssignment_Final.ParallelExecution.ChromeAndSafari" name="testScenario2" time="13.145"/>
  <testcase classname="lambdaTestAssignment_Final.ParallelExecution.ChromeAndSafari" name="testScenario3" time="41.616"/>
</testsuite> <!-- Chrome Test -->
