<?xml version="1.0" encoding="UTF-8"?>
<!-- Generated by org.testng.reporters.JUnitXMLReporter -->
<testsuite ignored="0" hostname="TS1WLKP" failures="0" tests="1" name="SafariTest" time="10.705" errors="0" timestamp="2024-09-17T18:26:02 IST">
  <testcase classname="lambdaTestAssignment_Final.ParallelExecution.ChromeAndSafari" name="@BeforeMethod setUp" time="10.664">
    <failure type="org.openqa.selenium.SessionNotCreatedException" message="Could not start a new session. Possible causes are invalid address of the remote server or browser start-up failure. 
Host info: host: &amp;apos;TS1WLKP&amp;apos;, ip: &amp;apos;192.168.29.169&amp;apos;
Build info: version: &amp;apos;4.9.1&amp;apos;, revision: &amp;apos;eb2032df7f&amp;apos;
System info: os.name: &amp;apos;Windows 11&amp;apos;, os.arch: &amp;apos;amd64&amp;apos;, os.version: &amp;apos;10.0&amp;apos;, java.version: &amp;apos;17.0.6&amp;apos;
Driver info: org.openqa.selenium.remote.RemoteWebDriver
Command: [null, newSession {capabilities=[Capabilities {LT:Options: {accessKey: 7LOBIGkbwc8As5vOe69LB9uz5Fx..., build: Selenium101Assignment, network: true, plugin: java-testNG, project: Selenium101Assignment, username: priyameya1718, video: true, visual: true, w3c: true}, browserName: safari, browserVersion: 13, platformName: macOS Catalina}]}]
Capabilities {LT:Options: {accessKey: 7LOBIGkbwc8As5vOe69LB9uz5Fx..., build: Selenium101Assignment, network: true, plugin: java-testNG, project: Selenium101Assignment, username: priyameya1718, video: true, visual: true, w3c: true}, browserName: safari, browserVersion: 13, platformName: macOS Catalina}">
      <![CDATA[org.openqa.selenium.SessionNotCreatedException: Could not start a new session. Possible causes are invalid address of the remote server or browser start-up failure. 
Host info: host: 'TS1WLKP', ip: '192.168.29.169'
Build info: version: '4.9.1', revision: 'eb2032df7f'
System info: os.name: 'Windows 11', os.arch: 'amd64', os.version: '10.0', java.version: '17.0.6'
Driver info: org.openqa.selenium.remote.RemoteWebDriver
Command: [null, newSession {capabilities=[Capabilities {LT:Options: {accessKey: 7LOBIGkbwc8As5vOe69LB9uz5Fx..., build: Selenium101Assignment, network: true, plugin: java-testNG, project: Selenium101Assignment, username: priyameya1718, video: true, visual: true, w3c: true}, browserName: safari, browserVersion: 13, platformName: macOS Catalina}]}]
Capabilities {LT:Options: {accessKey: 7LOBIGkbwc8As5vOe69LB9uz5Fx..., build: Selenium101Assignment, network: true, plugin: java-testNG, project: Selenium101Assignment, username: priyameya1718, video: true, visual: true, w3c: true}, browserName: safari, browserVersion: 13, platformName: macOS Catalina}
at org.openqa.selenium.remote.RemoteWebDriver.execute(RemoteWebDriver.java:561)
at org.openqa.selenium.remote.RemoteWebDriver.startSession(RemoteWebDriver.java:229)
at org.openqa.selenium.remote.RemoteWebDriver.<init>(RemoteWebDriver.java:157)
at org.openqa.selenium.remote.RemoteWebDriver.<init>(RemoteWebDriver.java:139)
at lambdaTestAssignment_Final.ParallelExecution.ChromeAndSafari.setUp(ChromeAndSafari.java:67)
at java.base/java.util.ArrayList.forEach(ArrayList.java:1511)
at java.base/java.util.concurrent.FutureTask.run(FutureTask.java:264)
at java.base/java.util.concurrent.ThreadPoolExecutor.runWorker(ThreadPoolExecutor.java:1136)
at java.base/java.util.concurrent.ThreadPoolExecutor$Worker.run(ThreadPoolExecutor.java:635)
at java.base/java.lang.Thread.run(Thread.java:833)
Caused by: java.io.UncheckedIOException: java.net.ConnectException: connection timed out: hub.lambdatest.com/65.0.196.161:443
at org.openqa.selenium.remote.http.netty.NettyHttpHandler.makeCall(NettyHttpHandler.java:73)
at org.openqa.selenium.remote.http.AddSeleniumUserAgent.lambda$apply$0(AddSeleniumUserAgent.java:42)
at org.openqa.selenium.remote.http.Filter.lambda$andFinally$1(Filter.java:56)
at org.openqa.selenium.remote.http.netty.NettyHttpHandler.execute(NettyHttpHandler.java:49)
at org.openqa.selenium.remote.http.AddSeleniumUserAgent.lambda$apply$0(AddSeleniumUserAgent.java:42)
at org.openqa.selenium.remote.http.Filter.lambda$andFinally$1(Filter.java:56)
at org.openqa.selenium.remote.http.netty.NettyClient.execute(NettyClient.java:99)
at org.openqa.selenium.remote.tracing.TracedHttpClient.execute(TracedHttpClient.java:55)
at org.openqa.selenium.remote.ProtocolHandshake.createSession(ProtocolHandshake.java:112)
at org.openqa.selenium.remote.ProtocolHandshake.createSession(ProtocolHandshake.java:94)
at org.openqa.selenium.remote.ProtocolHandshake.createSession(ProtocolHandshake.java:68)
at org.openqa.selenium.remote.HttpCommandExecutor.execute(HttpCommandExecutor.java:165)
at org.openqa.selenium.remote.TracedCommandExecutor.execute(TracedCommandExecutor.java:51)
at org.openqa.selenium.remote.RemoteWebDriver.execute(RemoteWebDriver.java:543)
... 31 more
Caused by: java.net.ConnectException: connection timed out: hub.lambdatest.com/65.0.196.161:443
at org.asynchttpclient.netty.channel.NettyConnectListener.onFailure(NettyConnectListener.java:179)
at org.asynchttpclient.netty.channel.NettyChannelConnector$1.onFailure(NettyChannelConnector.java:108)
at org.asynchttpclient.netty.SimpleChannelFutureListener.operationComplete(SimpleChannelFutureListener.java:28)
at org.asynchttpclient.netty.SimpleChannelFutureListener.operationComplete(SimpleChannelFutureListener.java:20)
at io.netty.util.concurrent.DefaultPromise.notifyListener0(DefaultPromise.java:590)
at io.netty.util.concurrent.DefaultPromise.notifyListeners0(DefaultPromise.java:583)
at io.netty.util.concurrent.DefaultPromise.notifyListenersNow(DefaultPromise.java:559)
at io.netty.util.concurrent.DefaultPromise.notifyListeners(DefaultPromise.java:492)
at io.netty.util.concurrent.DefaultPromise.setValue0(DefaultPromise.java:636)
at io.netty.util.concurrent.DefaultPromise.setFailure0(DefaultPromise.java:629)
at io.netty.util.concurrent.DefaultPromise.tryFailure(DefaultPromise.java:118)
at io.netty.channel.nio.AbstractNioChannel$AbstractNioUnsafe$1.run(AbstractNioChannel.java:262)
at io.netty.util.concurrent.PromiseTask.runTask(PromiseTask.java:98)
at io.netty.util.concurrent.ScheduledFutureTask.run(ScheduledFutureTask.java:153)
at io.netty.util.concurrent.AbstractEventExecutor.runTask(AbstractEventExecutor.java:174)
at io.netty.util.concurrent.AbstractEventExecutor.safeExecute(AbstractEventExecutor.java:167)
at io.netty.util.concurrent.SingleThreadEventExecutor.runAllTasks(SingleThreadEventExecutor.java:470)
at io.netty.channel.nio.NioEventLoop.run(NioEventLoop.java:569)
at io.netty.util.concurrent.SingleThreadEventExecutor$4.run(SingleThreadEventExecutor.java:997)
at io.netty.util.internal.ThreadExecutorMap$2.run(ThreadExecutorMap.java:74)
at io.netty.util.concurrent.FastThreadLocalRunnable.run(FastThreadLocalRunnable.java:30)
... 1 more
Caused by: io.netty.channel.ConnectTimeoutException: connection timed out: hub.lambdatest.com/65.0.196.161:443
at io.netty.channel.nio.AbstractNioChannel$AbstractNioUnsafe$1.run(AbstractNioChannel.java:261)
... 10 more
... Removed 22 stack frames]]>
    </failure>
  </testcase> <!-- @BeforeMethod setUp -->
  <testcase classname="lambdaTestAssignment_Final.ParallelExecution.ChromeAndSafari" name="@AfterMethod tearDown" time="-1.726577762933E9">
    <skipped/>
  </testcase> <!-- @AfterMethod tearDown -->
  <testcase classname="lambdaTestAssignment_Final.ParallelExecution.ChromeAndSafari" name="testScenario3" time="0.0">
    <skipped/>
  </testcase> <!-- testScenario3 -->
</testsuite> <!-- SafariTest -->
