<?xml version="1.0" encoding="UTF-8"?>
<testng-results ignored="0" total="6" passed="6" failed="0" skipped="0">
  <reporter-output>
  </reporter-output>
  <suite started-at="2024-09-17T20:02:10 IST" name="Suite" finished-at="2024-09-17T20:04:21 IST" duration-ms="130716">
    <groups>
    </groups>
    <test started-at="2024-09-17T20:02:10 IST" name="Chrome Test" finished-at="2024-09-17T20:04:07 IST" duration-ms="117264">
      <class name="lambdaTestAssignment_Final.ParallelExecution.ChromeAndFirefox">
        <test-method is-config="true" signature="setUp(java.lang.String,java.lang.String,java.lang.String)[pri:0, instance:lambdaTestAssignment_Final.ParallelExecution.ChromeAndFirefox@4d465b11]" started-at="2024-09-17T20:02:10 IST" name="setUp" finished-at="2024-09-17T20:02:22 IST" duration-ms="12172" status="PASS">
          <params>
            <param index="0">
              <value>
                <![CDATA[Chrome]]>
              </value>
            </param>
            <param index="1">
              <value>
                <![CDATA[119.0]]>
              </value>
            </param>
            <param index="2">
              <value>
                <![CDATA[Windows 11]]>
              </value>
            </param>
          </params>
          <reporter-output>
          </reporter-output>
        </test-method> <!-- setUp -->
        <test-method signature="testScenario1()[pri:0, instance:lambdaTestAssignment_Final.ParallelExecution.ChromeAndFirefox@4d465b11]" started-at="2024-09-17T20:02:22 IST" name="testScenario1" finished-at="2024-09-17T20:02:42 IST" duration-ms="20426" status="PASS">
          <reporter-output>
          </reporter-output>
        </test-method> <!-- testScenario1 -->
        <test-method is-config="true" signature="tearDown()[pri:0, instance:lambdaTestAssignment_Final.ParallelExecution.ChromeAndFirefox@4d465b11]" started-at="2024-09-17T20:02:42 IST" name="tearDown" finished-at="2024-09-17T20:02:43 IST" duration-ms="661" status="PASS">
          <reporter-output>
          </reporter-output>
        </test-method> <!-- tearDown -->
        <test-method is-config="true" signature="setUp(java.lang.String,java.lang.String,java.lang.String)[pri:0, instance:lambdaTestAssignment_Final.ParallelExecution.ChromeAndFirefox@4d465b11]" started-at="2024-09-17T20:02:43 IST" name="setUp" finished-at="2024-09-17T20:02:57 IST" duration-ms="14119" status="PASS">
          <params>
            <param index="0">
              <value>
                <![CDATA[Chrome]]>
              </value>
            </param>
            <param index="1">
              <value>
                <![CDATA[119.0]]>
              </value>
            </param>
            <param index="2">
              <value>
                <![CDATA[Windows 11]]>
              </value>
            </param>
          </params>
          <reporter-output>
          </reporter-output>
        </test-method> <!-- setUp -->
        <test-method signature="testScenario2()[pri:0, instance:lambdaTestAssignment_Final.ParallelExecution.ChromeAndFirefox@4d465b11]" started-at="2024-09-17T20:02:57 IST" name="testScenario2" finished-at="2024-09-17T20:03:09 IST" duration-ms="11401" status="PASS">
          <reporter-output>
          </reporter-output>
        </test-method> <!-- testScenario2 -->
        <test-method is-config="true" signature="tearDown()[pri:0, instance:lambdaTestAssignment_Final.ParallelExecution.ChromeAndFirefox@4d465b11]" started-at="2024-09-17T20:03:09 IST" name="tearDown" finished-at="2024-09-17T20:03:09 IST" duration-ms="680" status="PASS">
          <reporter-output>
          </reporter-output>
        </test-method> <!-- tearDown -->
        <test-method is-config="true" signature="setUp(java.lang.String,java.lang.String,java.lang.String)[pri:0, instance:lambdaTestAssignment_Final.ParallelExecution.ChromeAndFirefox@4d465b11]" started-at="2024-09-17T20:03:09 IST" name="setUp" finished-at="2024-09-17T20:03:27 IST" duration-ms="18072" status="PASS">
          <params>
            <param index="0">
              <value>
                <![CDATA[Chrome]]>
              </value>
            </param>
            <param index="1">
              <value>
                <![CDATA[119.0]]>
              </value>
            </param>
            <param index="2">
              <value>
                <![CDATA[Windows 11]]>
              </value>
            </param>
          </params>
          <reporter-output>
          </reporter-output>
        </test-method> <!-- setUp -->
        <test-method signature="testScenario3()[pri:0, instance:lambdaTestAssignment_Final.ParallelExecution.ChromeAndFirefox@4d465b11]" started-at="2024-09-17T20:03:27 IST" name="testScenario3" finished-at="2024-09-17T20:04:06 IST" duration-ms="39013" status="PASS">
          <reporter-output>
          </reporter-output>
        </test-method> <!-- testScenario3 -->
        <test-method is-config="true" signature="tearDown()[pri:0, instance:lambdaTestAssignment_Final.ParallelExecution.ChromeAndFirefox@4d465b11]" started-at="2024-09-17T20:04:06 IST" name="tearDown" finished-at="2024-09-17T20:04:07 IST" duration-ms="695" status="PASS">
          <reporter-output>
          </reporter-output>
        </test-method> <!-- tearDown -->
      </class> <!-- lambdaTestAssignment_Final.ParallelExecution.ChromeAndFirefox -->
    </test> <!-- Chrome Test -->
    <test started-at="2024-09-17T20:02:10 IST" name="Firefox Test" finished-at="2024-09-17T20:04:21 IST" duration-ms="130716">
      <class name="lambdaTestAssignment_Final.ParallelExecution.ChromeAndFirefox">
        <test-method is-config="true" signature="setUp(java.lang.String,java.lang.String,java.lang.String)[pri:0, instance:lambdaTestAssignment_Final.ParallelExecution.ChromeAndFirefox@7d4f9aae]" started-at="2024-09-17T20:02:10 IST" name="setUp" finished-at="2024-09-17T20:02:16 IST" duration-ms="6631" status="PASS">
          <params>
            <param index="0">
              <value>
                <![CDATA[Firefox]]>
              </value>
            </param>
            <param index="1">
              <value>
                <![CDATA[129.0]]>
              </value>
            </param>
            <param index="2">
              <value>
                <![CDATA[macOS Sonoma]]>
              </value>
            </param>
          </params>
          <reporter-output>
          </reporter-output>
        </test-method> <!-- setUp -->
        <test-method signature="testScenario1()[pri:0, instance:lambdaTestAssignment_Final.ParallelExecution.ChromeAndFirefox@7d4f9aae]" started-at="2024-09-17T20:02:16 IST" name="testScenario1" finished-at="2024-09-17T20:02:36 IST" duration-ms="19959" status="PASS">
          <reporter-output>
          </reporter-output>
        </test-method> <!-- testScenario1 -->
        <test-method is-config="true" signature="tearDown()[pri:0, instance:lambdaTestAssignment_Final.ParallelExecution.ChromeAndFirefox@7d4f9aae]" started-at="2024-09-17T20:02:36 IST" name="tearDown" finished-at="2024-09-17T20:02:37 IST" duration-ms="609" status="PASS">
          <reporter-output>
          </reporter-output>
        </test-method> <!-- tearDown -->
        <test-method is-config="true" signature="setUp(java.lang.String,java.lang.String,java.lang.String)[pri:0, instance:lambdaTestAssignment_Final.ParallelExecution.ChromeAndFirefox@7d4f9aae]" started-at="2024-09-17T20:02:37 IST" name="setUp" finished-at="2024-09-17T20:02:55 IST" duration-ms="18361" status="PASS">
          <params>
            <param index="0">
              <value>
                <![CDATA[Firefox]]>
              </value>
            </param>
            <param index="1">
              <value>
                <![CDATA[129.0]]>
              </value>
            </param>
            <param index="2">
              <value>
                <![CDATA[macOS Sonoma]]>
              </value>
            </param>
          </params>
          <reporter-output>
          </reporter-output>
        </test-method> <!-- setUp -->
        <test-method signature="testScenario2()[pri:0, instance:lambdaTestAssignment_Final.ParallelExecution.ChromeAndFirefox@7d4f9aae]" started-at="2024-09-17T20:02:55 IST" name="testScenario2" finished-at="2024-09-17T20:03:07 IST" duration-ms="11485" status="PASS">
          <reporter-output>
          </reporter-output>
        </test-method> <!-- testScenario2 -->
        <test-method is-config="true" signature="tearDown()[pri:0, instance:lambdaTestAssignment_Final.ParallelExecution.ChromeAndFirefox@7d4f9aae]" started-at="2024-09-17T20:03:07 IST" name="tearDown" finished-at="2024-09-17T20:03:08 IST" duration-ms="880" status="PASS">
          <reporter-output>
          </reporter-output>
        </test-method> <!-- tearDown -->
        <test-method is-config="true" signature="setUp(java.lang.String,java.lang.String,java.lang.String)[pri:0, instance:lambdaTestAssignment_Final.ParallelExecution.ChromeAndFirefox@7d4f9aae]" started-at="2024-09-17T20:03:08 IST" name="setUp" finished-at="2024-09-17T20:03:26 IST" duration-ms="18234" status="PASS">
          <params>
            <param index="0">
              <value>
                <![CDATA[Firefox]]>
              </value>
            </param>
            <param index="1">
              <value>
                <![CDATA[129.0]]>
              </value>
            </param>
            <param index="2">
              <value>
                <![CDATA[macOS Sonoma]]>
              </value>
            </param>
          </params>
          <reporter-output>
          </reporter-output>
        </test-method> <!-- setUp -->
        <test-method signature="testScenario3()[pri:0, instance:lambdaTestAssignment_Final.ParallelExecution.ChromeAndFirefox@7d4f9aae]" started-at="2024-09-17T20:03:26 IST" name="testScenario3" finished-at="2024-09-17T20:04:19 IST" duration-ms="53342" status="PASS">
          <reporter-output>
          </reporter-output>
        </test-method> <!-- testScenario3 -->
        <test-method is-config="true" signature="tearDown()[pri:0, instance:lambdaTestAssignment_Final.ParallelExecution.ChromeAndFirefox@7d4f9aae]" started-at="2024-09-17T20:04:19 IST" name="tearDown" finished-at="2024-09-17T20:04:21 IST" duration-ms="1191" status="PASS">
          <reporter-output>
          </reporter-output>
        </test-method> <!-- tearDown -->
      </class> <!-- lambdaTestAssignment_Final.ParallelExecution.ChromeAndFirefox -->
    </test> <!-- Firefox Test -->
  </suite> <!-- Suite -->
</testng-results>
